proguard-project.txt
# To enable ProGuard in your project, edit project.properties
# to define the proguard.config property as described in that file.
#
# Add project specific ProGuard rules here.
# By default, the flags in this file are appended to flags specified
# in ${sdk.dir}/tools/proguard/proguard-android.txt
# You can edit the include path and order by changing the ProGuard
# include property in project.properties.
#
# For more details, see
#   http://developer.android.com/guide/developing/tools/proguard.html

# Add any project specific keep options here:

# If your project uses WebView with JS, uncomment the following
# and specify the fully qualified class name to the JavaScript interface
# class:
#-keepclassmembers class fqcn.of.javascript.interface.for.webview {
#   public *;
#}

-dontskipnonpubliclibraryclassmembers

-libraryjars /libs/umeng_sdk.jar

-keep public class com.umeng.fb.ui.ThreadView {
}

-keep class * implements android.os.Parcelable {
  public static final android.os.Parcelable$Creator *;
}

-keepclassmembers class * {
   public <init>(org.json.JSONObject);
}

-keep public class com.umeng.fb.ui.ThreadView {
}

-keep class com.umeng.update.** { *;}
-dontwarn com.umeng.update.**
-keep class com.actionbarsherlock.** { *;}
-keep class com.jeremyfeinstein.slidingmenu.lib.** { *;}
-keep class com.viewpagerindicator.** { *;}
-keep class com.youxiachai.notifybar.** { *;}

-keepclassmembers class * {
   public <init>(org.json.JSONObject);
}

-keep public class com.yachi.nfcvexplorer.R$*{
    public static final int *;
}
-keep public class com.actionbarsherlock.R$*{
    public static final int *;
}
-keep public class com.jeremyfeinstein.slidingmenu.lib.R$*{
    public static final int *;
}
-keep public class com.viewpagerindicator.R$*{
    public static final int *;
}
-keep public class com.youxiachai.notifybar.R$*{
    public static final int *;
}