proguard/seeds.txt
com.yachi.nfcvexplorer.MainActivity
com.yachi.nfcvexplorer.MainActivity: MainActivity()
com.yachi.nfcvexplorer.NFCApplication
com.yachi.nfcvexplorer.NFCApplication: NFCApplication()
com.yachi.nfcvexplorer.R$anim
com.yachi.nfcvexplorer.R$anim: int umeng_fb_slide_in_from_left
com.yachi.nfcvexplorer.R$anim: int umeng_fb_slide_in_from_right
com.yachi.nfcvexplorer.R$anim: int umeng_fb_slide_out_from_left
com.yachi.nfcvexplorer.R$anim: int umeng_fb_slide_out_from_right
com.yachi.nfcvexplorer.R$anim: int umeng_xp_fade_in
com.yachi.nfcvexplorer.R$anim: int umeng_xp_fade_out
com.yachi.nfcvexplorer.R$anim: int umeng_xp_large_gallery_in
com.yachi.nfcvexplorer.R$anim: int umeng_xp_progressbar
com.yachi.nfcvexplorer.R$anim: int umeng_xp_push_down_out
com.yachi.nfcvexplorer.R$anim: int umeng_xp_push_up_in
com.yachi.nfcvexplorer.R$anim: int umeng_xp_push_up_out
com.yachi.nfcvexplorer.R$anim: int umeng_xp_slide_in_from_bottom
com.yachi.nfcvexplorer.R$anim: int umeng_xp_slide_in_from_left
com.yachi.nfcvexplorer.R$anim: int umeng_xp_slide_in_from_right
com.yachi.nfcvexplorer.R$anim: int umeng_xp_slide_in_from_top
com.yachi.nfcvexplorer.R$anim: int umeng_xp_slide_out_from_bottom
com.yachi.nfcvexplorer.R$anim: int umeng_xp_slide_out_from_left
com.yachi.nfcvexplorer.R$anim: int umeng_xp_slide_out_from_right
com.yachi.nfcvexplorer.R$anim: int umeng_xp_slide_out_from_top
com.yachi.nfcvexplorer.R$anim: int umeng_xp_zoom_in
com.yachi.nfcvexplorer.R$anim: int umeng_xp_zoom_out
com.yachi.nfcvexplorer.R$array
com.yachi.nfcvexplorer.R$array: int network_switch
com.yachi.nfcvexplorer.R$array: int ring_type
com.yachi.nfcvexplorer.R$array: int screen_switch
com.yachi.nfcvexplorer.R$array: int write_phone_type
com.yachi.nfcvexplorer.R$attr
com.yachi.nfcvexplorer.R$attr: int actionBarDivider
com.yachi.nfcvexplorer.R$attr: int actionBarItemBackground
com.yachi.nfcvexplorer.R$attr: int actionBarSize
com.yachi.nfcvexplorer.R$attr: int actionBarSplitStyle
com.yachi.nfcvexplorer.R$attr: int actionBarStyle
com.yachi.nfcvexplorer.R$attr: int actionBarTabBarStyle
com.yachi.nfcvexplorer.R$attr: int actionBarTabStyle
com.yachi.nfcvexplorer.R$attr: int actionBarTabTextStyle
com.yachi.nfcvexplorer.R$attr: int actionBarWidgetTheme
com.yachi.nfcvexplorer.R$attr: int actionButtonStyle
com.yachi.nfcvexplorer.R$attr: int actionDropDownStyle
com.yachi.nfcvexplorer.R$attr: int actionMenuTextAppearance
com.yachi.nfcvexplorer.R$attr: int actionMenuTextColor
com.yachi.nfcvexplorer.R$attr: int actionModeBackground
com.yachi.nfcvexplorer.R$attr: int actionModeCloseButtonStyle
com.yachi.nfcvexplorer.R$attr: int actionModeCloseDrawable
com.yachi.nfcvexplorer.R$attr: int actionModePopupWindowStyle
com.yachi.nfcvexplorer.R$attr: int actionModeShareDrawable
com.yachi.nfcvexplorer.R$attr: int actionModeSplitBackground
com.yachi.nfcvexplorer.R$attr: int actionModeStyle
com.yachi.nfcvexplorer.R$attr: int actionOverflowButtonStyle
com.yachi.nfcvexplorer.R$attr: int actionSpinnerItemStyle
com.yachi.nfcvexplorer.R$attr: int activatedBackgroundIndicator
com.yachi.nfcvexplorer.R$attr: int activityChooserViewStyle
com.yachi.nfcvexplorer.R$attr: int background
com.yachi.nfcvexplorer.R$attr: int backgroundSplit
...
android.support.v4.app.ListFragment: int INTERNAL_EMPTY_ID
android.support.v4.app.ListFragment: int INTERNAL_PROGRESS_CONTAINER_ID
android.support.v4.app.ListFragment: int INTERNAL_LIST_CONTAINER_ID
android.support.v4.app.ListFragment: android.os.Handler mHandler
android.support.v4.app.ListFragment: java.lang.Runnable mRequestFocus
android.support.v4.app.ListFragment: android.widget.AdapterView$OnItemClickListener mOnClickListener
android.support.v4.app.ListFragment: android.widget.ListAdapter mAdapter
android.support.v4.app.ListFragment: android.widget.ListView mList
android.support.v4.app.ListFragment: android.view.View mEmptyView
android.support.v4.app.ListFragment: android.widget.TextView mStandardEmptyView
android.support.v4.app.ListFragment: android.view.View mProgressContainer
android.support.v4.app.ListFragment: android.view.View mListContainer
android.support.v4.app.ListFragment: java.lang.CharSequence mEmptyText
android.support.v4.app.ListFragment: boolean mListShown
android.support.v4.app.ListFragment: ListFragment()
android.support.v4.app.ListFragment: android.view.View onCreateView(android.view.LayoutInflater,android.view.ViewGroup,android.os.Bundle)
android.support.v4.app.ListFragment: void onViewCreated(android.view.View,android.os.Bundle)
android.support.v4.app.ListFragment: void onDestroyView()
android.support.v4.app.ListFragment: void onListItemClick(android.widget.ListView,android.view.View,int,long)
android.support.v4.app.Watson: java.lang.String TAG
android.support.v4.app.Watson: java.util.ArrayList mCreatedMenus
android.support.v4.app.Watson: Watson()
android.support.v4.app.Watson: boolean onCreatePanelMenu(int,com.actionbarsherlock.view.Menu)
android.support.v4.app.Watson: boolean onPreparePanel(int,android.view.View,com.actionbarsherlock.view.Menu)
android.support.v4.app.Watson: boolean onMenuItemSelected(int,com.actionbarsherlock.view.MenuItem)
android.support.v4.app.Watson: boolean onCreateOptionsMenu(com.actionbarsherlock.view.Menu)
android.support.v4.app.Watson: boolean onPrepareOptionsMenu(com.actionbarsherlock.view.Menu)
android.support.v4.app.Watson: boolean onOptionsItemSelected(com.actionbarsherlock.view.MenuItem)
android.support.v4.app.Watson: com.actionbarsherlock.view.MenuInflater getSupportMenuInflater()
android.support.v4.content.ModernAsyncTask$Status: android.support.v4.content.ModernAsyncTask$Status[] values()
android.support.v4.content.ModernAsyncTask$Status: android.support.v4.content.ModernAsyncTask$Status valueOf(java.lang.String)
android.support.v4.view.PagerTabStrip: void setTabIndicatorColor(int)
android.support.v4.view.PagerTabStrip: void setTabIndicatorColorResource(int)
android.support.v4.view.PagerTabStrip: int getTabIndicatorColor()
android.support.v4.view.PagerTabStrip: void setTextSpacing(int)
android.support.v4.view.PagerTabStrip: void setBackgroundDrawable(android.graphics.drawable.Drawable)
android.support.v4.view.PagerTabStrip: void setBackgroundColor(int)
android.support.v4.view.PagerTabStrip: void setBackgroundResource(int)
android.support.v4.view.PagerTabStrip: void setDrawFullUnderline(boolean)
android.support.v4.view.PagerTabStrip: boolean getDrawFullUnderline()
android.support.v4.view.PagerTabStrip: int getMinHeight()
android.support.v4.view.PagerTitleStrip: void setSingleLineAllCaps(android.widget.TextView)
android.support.v4.view.PagerTitleStrip: void setTextSpacing(int)
android.support.v4.view.PagerTitleStrip: int getTextSpacing()
android.support.v4.view.PagerTitleStrip: void setNonPrimaryAlpha(float)
android.support.v4.view.PagerTitleStrip: void setTextColor(int)
android.support.v4.view.PagerTitleStrip: void setGravity(int)
android.support.v4.view.PagerTitleStrip: int getMinHeight()