proguard/mapping.txt
com.yachi.nfcvexplorer.MainActivity -> com.yachi.nfcvexplorer.MainActivity:
    com.yachi.nfcvexplorer.gui.framgment.FramgmentMain fragment1 -> a
    android.support.v4.app.FragmentTransaction ft -> d
    com.actionbarsherlock.view.ActionMode amode -> e
    void onCreate(android.os.Bundle) -> onCreate
    void onResume() -> onResume
    boolean onOptionsItemSelected(com.actionbarsherlock.view.MenuItem) -> onOptionsItemSelected
    boolean onCreateOptionsMenu(com.actionbarsherlock.view.Menu) -> onCreateOptionsMenu
    void showCreateType() -> c
    void showWriteType() -> e
    void OnTagSelected() -> a
    void OnWirteTagSelected() -> b
    com.yachi.nfcvexplorer.gui.framgment.FramgmentMain access$0(com.yachi.nfcvexplorer.MainActivity) -> a
    com.actionbarsherlock.view.ActionMode access$1(com.yachi.nfcvexplorer.MainActivity) -> b
com.yachi.nfcvexplorer.MainActivity$TagModeAction -> com.yachi.nfcvexplorer.a:
    com.yachi.nfcvexplorer.MainActivity this$0 -> a
    boolean onCreateActionMode(com.actionbarsherlock.view.ActionMode,com.actionbarsherlock.view.Menu) -> onCreateActionMode
    boolean onPrepareActionMode(com.actionbarsherlock.view.ActionMode,com.actionbarsherlock.view.Menu) -> onPrepareActionMode
    boolean onActionItemClicked(com.actionbarsherlock.view.ActionMode,com.actionbarsherlock.view.MenuItem) -> onActionItemClicked
    void onDestroyActionMode(com.actionbarsherlock.view.ActionMode) -> onDestroyActionMode
com.yachi.nfcvexplorer.NFCApplication -> com.yachi.nfcvexplorer.NFCApplication:
    com.yachi.nfcvexplorer.NFCApplication instance -> c
    boolean isExit -> b
    com.yachi.nfcvexplorer.NFCApplication getInstance() -> b
com.yachi.nfcvexplorer.R -> com.yachi.nfcvexplorer.R:
com.yachi.nfcvexplorer.R$anim -> com.yachi.nfcvexplorer.R$anim:
    int umeng_fb_slide_in_from_left -> umeng_fb_slide_in_from_left
    int umeng_fb_slide_in_from_right -> umeng_fb_slide_in_from_right
    int umeng_fb_slide_out_from_left -> umeng_fb_slide_out_from_left
    int umeng_fb_slide_out_from_right -> umeng_fb_slide_out_from_right
    int umeng_xp_fade_in -> umeng_xp_fade_in
    int umeng_xp_fade_out -> umeng_xp_fade_out
    int umeng_xp_large_gallery_in -> umeng_xp_large_gallery_in
    int umeng_xp_progressbar -> umeng_xp_progressbar
    int umeng_xp_push_down_out -> umeng_xp_push_down_out
    int umeng_xp_push_up_in -> umeng_xp_push_up_in
    int umeng_xp_push_up_out -> umeng_xp_push_up_out
    int umeng_xp_slide_in_from_bottom -> umeng_xp_slide_in_from_bottom
    int umeng_xp_slide_in_from_left -> umeng_xp_slide_in_from_left
    int umeng_xp_slide_in_from_right -> umeng_xp_slide_in_from_right
    int umeng_xp_slide_in_from_top -> umeng_xp_slide_in_from_top
    int umeng_xp_slide_out_from_bottom -> umeng_xp_slide_out_from_bottom
    int umeng_xp_slide_out_from_left -> umeng_xp_slide_out_from_left
    int umeng_xp_slide_out_from_right -> umeng_xp_slide_out_from_right
    int umeng_xp_slide_out_from_top -> umeng_xp_slide_out_from_top
    int umeng_xp_zoom_in -> umeng_xp_zoom_in
    int umeng_xp_zoom_out -> umeng_xp_zoom_out
com.yachi.nfcvexplorer.R$array -> com.yachi.nfcvexplorer.R$array:
    int network_switch -> network_switch
    int ring_type -> ring_type
    int screen_switch -> screen_switch
    int write_phone_type -> write_phone_type
...
com.actionbarsherlock.internal.nineoldandroids.animation.IntEvaluator -> com.actionbarsherlock.internal.nineoldandroids.animation.IntEvaluator:
    java.lang.Integer evaluate(float,java.lang.Integer,java.lang.Integer) -> evaluate
    java.lang.Object evaluate(float,java.lang.Object,java.lang.Object) -> evaluate
com.actionbarsherlock.internal.nineoldandroids.animation.IntKeyframeSet -> com.actionbarsherlock.internal.nineoldandroids.animation.IntKeyframeSet:
    int firstValue -> firstValue
    int lastValue -> lastValue
    int deltaValue -> deltaValue
    boolean firstTime -> firstTime
    java.lang.Object getValue(float) -> getValue
    com.actionbarsherlock.internal.nineoldandroids.animation.IntKeyframeSet clone() -> clone
    int getIntValue(float) -> getIntValue
    com.actionbarsherlock.internal.nineoldandroids.animation.KeyframeSet clone() -> clone
com.actionbarsherlock.internal.nineoldandroids.animation.Keyframe -> com.actionbarsherlock.internal.nineoldandroids.animation.Keyframe:
    float mFraction -> mFraction
    java.lang.Class mValueType -> mValueType
    android.view.animation.Interpolator mInterpolator -> mInterpolator
    boolean mHasValue -> mHasValue
    com.actionbarsherlock.internal.nineoldandroids.animation.Keyframe ofInt(float,int) -> ofInt
    com.actionbarsherlock.internal.nineoldandroids.animation.Keyframe ofInt(float) -> ofInt
    com.actionbarsherlock.internal.nineoldandroids.animation.Keyframe ofFloat(float,float) -> ofFloat
    com.actionbarsherlock.internal.nineoldandroids.animation.Keyframe ofFloat(float) -> ofFloat
    com.actionbarsherlock.internal.nineoldandroids.animation.Keyframe ofObject(float,java.lang.Object) -> ofObject
    com.actionbarsherlock.internal.nineoldandroids.animation.Keyframe ofObject(float) -> ofObject
    boolean hasValue() -> hasValue
    java.lang.Object getValue() -> getValue
    void setValue(java.lang.Object) -> setValue
    float getFraction() -> getFraction
    void setFraction(float) -> setFraction
    android.view.animation.Interpolator getInterpolator() -> getInterpolator
    void setInterpolator(android.view.animation.Interpolator) -> setInterpolator
    java.lang.Class getType() -> getType
    com.actionbarsherlock.internal.nineoldandroids.animation.Keyframe clone() -> clone
    java.lang.Object clone() -> clone
com.actionbarsherlock.internal.nineoldandroids.animation.Keyframe$FloatKeyframe -> com.actionbarsherlock.internal.nineoldandroids.animation.Keyframe$FloatKeyframe:
    float mValue -> mValue
    float getFloatValue() -> getFloatValue
    java.lang.Object getValue() -> getValue
    void setValue(java.lang.Object) -> setValue
    com.actionbarsherlock.internal.nineoldandroids.animation.Keyframe$FloatKeyframe clone() -> clone
    com.actionbarsherlock.internal.nineoldandroids.animation.Keyframe clone() -> clone
com.actionbarsherlock.internal.nineoldandroids.animation.Keyframe$IntKeyframe -> com.actionbarsherlock.internal.nineoldandroids.animation.Keyframe$IntKeyframe:
    int mValue -> mValue
    int getIntValue() -> getIntValue
    java.lang.Object getValue() -> getValue
    void setValue(java.lang.Object) -> setValue
    com.actionbarsherlock.internal.nineoldandroids.animation.Keyframe$IntKeyframe clone() -> clone
    com.actionbarsherlock.internal.nineoldandroids.animation.Keyframe clone() -> clone
com.actionbarsherlock.internal.nineoldandroids.animation.Keyframe$ObjectKeyframe -> com.actionbarsherlock.internal.nineoldandroids.animation.Keyframe$ObjectKeyframe:
    java.lang.Object mValue -> mValue
    java.lang.Object getValue() -> getValue
    void setValue(java.lang.Object) -> setValue
    com.actionbarsherlock.internal.nineoldandroids.animation.Keyframe$ObjectKeyframe clone() -> clone
    com.actionbarsherlock.internal.nineoldandroids.animation.Keyframe clone() -> clone