proguard/usage.txt
com.yachi.nfcvexplorer.BuildConfig
com.yachi.nfcvexplorer.MainActivity:
    private static final java.lang.String PAGE_1
com.yachi.nfcvexplorer.NFCApplication:
    public static bridge synthetic com.yachi.library_yachi.VApplication getInstance()
com.yachi.nfcvexplorer.R:
    public R()
com.yachi.nfcvexplorer.bean.ActionChildItem:
    public void setTitle(java.lang.String)
    public void setActiontype(com.yachi.nfcvexplorer.control.ENUM_ACTION_TYPE)
com.yachi.nfcvexplorer.bean.ActionGroupItem:
    public void setTitle(java.lang.String)
    public void setIcon(int)
com.yachi.nfcvexplorer.bean.ActionItem:
    private java.lang.String action_value
    public static final int ACTION_OPEN_APPLICATION
    public static final int ACTION_WIFI
    public static final int ACTION_BLUETOOTH
    public static final int ACTION_DIA
    public static final int ACTION_MESSAGE
    public static final int ACTION_SCREEN_LIGHT
    public static final int ACTION_SCREEN_LOCK
    public static final int ACTION_RING_TYPE
    public static final int ACTION_RING_VALUE
    public static final int ACTION_RING_NAME
    public java.lang.String getAction_value()
    public void setAction_value(java.lang.String)
    public void setAction_enable(boolean)
com.yachi.nfcvexplorer.bean.TagItem:
    public void removeAllAction()
    public void removeAction(com.yachi.nfcvexplorer.bean.ActionItem)
com.yachi.nfcvexplorer.control.ActionThread:
    public static final int ACTION_EXEC_SUCCESS
com.yachi.nfcvexplorer.control.DoubleConfirm:
    public void setTimeSpace(int)
com.yachi.nfcvexplorer.control.ENUM_WRITE_TYPE:
    public java.lang.String getKey()
com.yachi.nfcvexplorer.control.NfcNotificationManager:
    private static com.yachi.nfcvexplorer.control.NfcNotificationManager instance
    private android.content.res.Resources res
    private android.content.Context context
    private android.app.NotificationManager notificationManager
    private NfcNotificationManager(android.content.Context)
    public static com.yachi.nfcvexplorer.control.NfcNotificationManager getInstance(android.content.Context)
    public static android.app.Notification apiNie()
    public static void cancel()
com.yachi.nfcvexplorer.control.NfcVSharedPreference:
    private static final java.lang.String TAG_ACTION_COUNT
    private static final java.lang.String TAG_TAG_COUNT
    private android.content.SharedPreferences$Editor getEditor()
    public boolean setActionCount(int)
com.yachi.nfcvexplorer.dao.TagDataProvider:
    public static final java.lang.String TABLE_TAG_MANAGE
    public static final java.lang.String TABLE_ACTION_MANAGE
    public static final java.lang.String _ID
    public static final java.lang.String TAG_ID
    public static final java.lang.String TAG_NUMBER
    public static final java.lang.String TAG_NAME
    public static final java.lang.String TAG_CREATE_TIME
    public static final java.lang.String TAG_DESCIBE
    public static final java.lang.String TAG_SIZE
    public static final java.lang.String TAG_PRIORITY
    public static final java.lang.String TAG_ENABLE
    public static final java.lang.String TAG_USE_COUNT
    public static final java.lang.String TAG_LINK_PARAM1
    public static final java.lang.String TAG_LINK_PARAM2
    public static final java.lang.String ACTION_ID
    public static final java.lang.String ACTION_CREATE_TIME
    public static final java.lang.String ACTION_SWITCH
    public static final java.lang.String ACTION_TYPE
    public static final java.lang.String ACTION_PACKAGE_NAME
    public static final java.lang.String ACTION_DIA_NUMBER
    public static final java.lang.String ACTION_MESSAGE
    public static final java.lang.String ACTION_SCREEN_LIGHT
    public static final java.lang.String ACTION_TIME
    public static final java.lang.String ACTION_DATE
    public static final java.lang.String ACTION_RING_TYPE
    public static final java.lang.String ACTION_RING_NAME
com.yachi.nfcvexplorer.dao.TagDataProvider$Schema
...
org.bitbucket.dollar.Dollar$ByteArrayWrapper
org.bitbucket.dollar.Dollar$CharArrayWrapper
org.bitbucket.dollar.Dollar$ComparableWrapper
org.bitbucket.dollar.Dollar$DoubleArrayWrapper
org.bitbucket.dollar.Dollar$FloatArrayWrapper
org.bitbucket.dollar.Dollar$IntegerArrayWrapper
org.bitbucket.dollar.Dollar$ListWrapper:
    public abstract org.bitbucket.dollar.Dollar$ListWrapper copy()
    public abstract org.bitbucket.dollar.Dollar$ListWrapper add(java.lang.Object)
    public abstract org.bitbucket.dollar.Dollar$ListWrapper addAll(java.lang.Iterable)
    public abstract org.bitbucket.dollar.Dollar$ListWrapper threadSafe()
    public abstract org.bitbucket.dollar.Dollar$ListWrapper immutable()
    public abstract org.bitbucket.dollar.Dollar$ListWrapper checked(java.lang.Class)
org.bitbucket.dollar.Dollar$LongArrayWrapper
org.bitbucket.dollar.Dollar$MapWrapper
org.bitbucket.dollar.Dollar$RandomWrapper
org.bitbucket.dollar.Dollar$RangeWrapper
org.bitbucket.dollar.Dollar$SetWrapper
org.bitbucket.dollar.Dollar$ShortArrayWrapper
org.bitbucket.dollar.Dollar$Wrapper:
    public abstract int size()
    public abstract org.bitbucket.dollar.Dollar$Wrapper copy()
    public abstract java.lang.String join()
    public abstract org.bitbucket.dollar.Dollar$Wrapper repeat(int)
    public abstract org.bitbucket.dollar.Dollar$Wrapper shuffle()
    public abstract org.bitbucket.dollar.Dollar$Wrapper shuffle(java.util.Random)
    public abstract org.bitbucket.dollar.Dollar$Wrapper sort()
    public abstract org.bitbucket.dollar.Dollar$Wrapper sort(java.util.Comparator)
    public abstract org.bitbucket.dollar.Dollar$Wrapper concat(org.bitbucket.dollar.Dollar$Wrapper)
    public varargs abstract org.bitbucket.dollar.Dollar$Wrapper concat(java.lang.Object[])
    public abstract org.bitbucket.dollar.Dollar$Wrapper concat(java.util.Collection)
    public abstract org.bitbucket.dollar.Dollar$Wrapper reverse()
    public abstract org.bitbucket.dollar.Dollar$Wrapper fill(java.lang.Object)
    public abstract org.bitbucket.dollar.Dollar$Wrapper slice(int)
    public abstract org.bitbucket.dollar.Dollar$Wrapper slice(int,int)
    public abstract java.util.List toList()
    public abstract java.util.List toList(java.lang.Class)
    public abstract java.util.Set toSet()
    public abstract java.util.Set toSet(java.lang.Class)
    public abstract java.lang.Object[] toArray()
    public abstract java.lang.Object[] toArray(java.lang.Class)
    public abstract org.bitbucket.dollar.Dollar$ArrayWrapper toArrayWrapper()
org.bitbucket.dollar.EnumerationWrapper
org.bitbucket.dollar.FillWrapper
org.bitbucket.dollar.FillWrapper$FillIterator
org.bitbucket.dollar.LazyFilterWrapper
org.bitbucket.dollar.LazyFilterWrapper$LazyFilteringIterator
org.bitbucket.dollar.LazyFlatMappedWrapper
org.bitbucket.dollar.LazyFlatMappedWrapper$1
org.bitbucket.dollar.LazyMappedWrapper
org.bitbucket.dollar.LazyMappedWrapper$1